{"/home/lxow/git/LABORATORIA/DEV010-movie-challenge-fw/cinecity/src/App.tsx": {"path":"/home/lxow/git/LABORATORIA/DEV010-movie-challenge-fw/cinecity/src/App.tsx","statementMap":{"0":{"start":{"line":23,"column":0},"end":{"line":23,"column":15}},"1":{"start":{"line":1,"column":18},"end":{"line":1,"column":null}},"2":{"start":{"line":2,"column":52},"end":{"line":2,"column":null}},"3":{"start":{"line":3,"column":17},"end":{"line":3,"column":null}},"4":{"start":{"line":4,"column":24},"end":{"line":4,"column":null}},"5":{"start":{"line":6,"column":7},"end":{"line":6,"column":null}},"6":{"start":{"line":9,"column":17},"end":{"line":18,"column":null}},"7":{"start":{"line":23,"column":15},"end":{"line":23,"column":null}}},"fnMap":{"0":{"name":"App","decl":{"start":{"line":8,"column":9},"end":{"line":8,"column":null}},"loc":{"start":{"line":8,"column":9},"end":{"line":22,"column":null}}}},"branchMap":{},"s":{"0":1,"1":1,"2":1,"3":1,"4":1,"5":1,"6":3,"7":1},"f":{"0":3},"b":{}}
,"/home/lxow/git/LABORATORIA/DEV010-movie-challenge-fw/cinecity/src/components/Aside/Aside.tsx": {"path":"/home/lxow/git/LABORATORIA/DEV010-movie-challenge-fw/cinecity/src/components/Aside/Aside.tsx","statementMap":{"0":{"start":{"line":81,"column":0},"end":{"line":81,"column":15}},"1":{"start":{"line":1,"column":7},"end":{"line":1,"column":null}},"2":{"start":{"line":3,"column":26},"end":{"line":3,"column":null}},"3":{"start":{"line":4,"column":26},"end":{"line":4,"column":null}},"4":{"start":{"line":5,"column":33},"end":{"line":5,"column":null}},"5":{"start":{"line":12,"column":95},"end":{"line":12,"column":null}},"6":{"start":{"line":14,"column":2},"end":{"line":23,"column":null}},"7":{"start":{"line":15,"column":4},"end":{"line":22,"column":null}},"8":{"start":{"line":17,"column":8},"end":{"line":20,"column":null}},"9":{"start":{"line":17,"column":36},"end":{"line":20,"column":null}},"10":{"start":{"line":22,"column":24},"end":{"line":22,"column":null}},"11":{"start":{"line":25,"column":19},"end":{"line":25,"column":null}},"12":{"start":{"line":27,"column":2},"end":{"line":75,"column":null}},"13":{"start":{"line":34,"column":37},"end":{"line":34,"column":null}},"14":{"start":{"line":36,"column":12},"end":{"line":44,"column":null}},"15":{"start":{"line":39,"column":16},"end":{"line":39,"column":null}},"16":{"start":{"line":40,"column":16},"end":{"line":40,"column":null}},"17":{"start":{"line":55,"column":10},"end":{"line":55,"column":null}},"18":{"start":{"line":56,"column":10},"end":{"line":56,"column":null}},"19":{"start":{"line":61,"column":10},"end":{"line":61,"column":null}},"20":{"start":{"line":62,"column":10},"end":{"line":62,"column":null}},"21":{"start":{"line":81,"column":15},"end":{"line":81,"column":null}}},"fnMap":{"0":{"name":"Aside","decl":{"start":{"line":11,"column":9},"end":{"line":11,"column":15}},"loc":{"start":{"line":11,"column":46},"end":{"line":79,"column":null}}},"1":{"name":"(anonymous_2)","decl":{"start":{"line":14,"column":12},"end":{"line":14,"column":null}},"loc":{"start":{"line":14,"column":12},"end":{"line":23,"column":5}}},"2":{"name":"(anonymous_3)","decl":{"start":{"line":16,"column":12},"end":{"line":16,"column":13}},"loc":{"start":{"line":16,"column":13},"end":{"line":21,"column":null}}},"3":{"name":"(anonymous_4)","decl":{"start":{"line":17,"column":20},"end":{"line":17,"column":21}},"loc":{"start":{"line":17,"column":36},"end":{"line":20,"column":null}}},"4":{"name":"(anonymous_5)","decl":{"start":{"line":22,"column":13},"end":{"line":22,"column":14}},"loc":{"start":{"line":22,"column":24},"end":{"line":22,"column":null}}},"5":{"name":"(anonymous_6)","decl":{"start":{"line":34,"column":19},"end":{"line":34,"column":20}},"loc":{"start":{"line":34,"column":37},"end":{"line":34,"column":null}}},"6":{"name":"(anonymous_7)","decl":{"start":{"line":35,"column":15},"end":{"line":35,"column":16}},"loc":{"start":{"line":36,"column":12},"end":{"line":44,"column":null}}},"7":{"name":"(anonymous_8)","decl":{"start":{"line":38,"column":23},"end":{"line":38,"column":null}},"loc":{"start":{"line":38,"column":23},"end":{"line":41,"column":null}}},"8":{"name":"(anonymous_9)","decl":{"start":{"line":54,"column":17},"end":{"line":54,"column":null}},"loc":{"start":{"line":54,"column":17},"end":{"line":57,"column":11}}},"9":{"name":"(anonymous_10)","decl":{"start":{"line":60,"column":17},"end":{"line":60,"column":null}},"loc":{"start":{"line":60,"column":17},"end":{"line":63,"column":11}}}},"branchMap":{"0":{"loc":{"start":{"line":37,"column":25},"end":{"line":37,"column":null}},"type":"cond-expr","locations":[{"start":{"line":37,"column":63},"end":{"line":37,"column":79}},{"start":{"line":37,"column":79},"end":{"line":37,"column":null}}]},"1":{"loc":{"start":{"line":53,"column":19},"end":{"line":53,"column":null}},"type":"cond-expr","locations":[{"start":{"line":53,"column":65},"end":{"line":53,"column":81}},{"start":{"line":53,"column":81},"end":{"line":53,"column":null}}]},"2":{"loc":{"start":{"line":59,"column":19},"end":{"line":59,"column":null}},"type":"cond-expr","locations":[{"start":{"line":59,"column":64},"end":{"line":59,"column":80}},{"start":{"line":59,"column":80},"end":{"line":59,"column":null}}]}},"s":{"0":0,"1":1,"2":1,"3":1,"4":1,"5":0,"6":0,"7":0,"8":0,"9":0,"10":0,"11":0,"12":0,"13":0,"14":0,"15":0,"16":0,"17":0,"18":0,"19":0,"20":0,"21":1},"f":{"0":0,"1":0,"2":0,"3":0,"4":0,"5":0,"6":0,"7":0,"8":0,"9":0},"b":{"0":[0,0],"1":[0,0],"2":[0,0]}}
,"/home/lxow/git/LABORATORIA/DEV010-movie-challenge-fw/cinecity/src/components/FilterContext/FilterContext.tsx": {"path":"/home/lxow/git/LABORATORIA/DEV010-movie-challenge-fw/cinecity/src/components/FilterContext/FilterContext.tsx","statementMap":{"0":{"start":{"line":42,"column":13},"end":{"line":42,"column":34}},"1":{"start":{"line":30,"column":13},"end":{"line":30,"column":29}},"2":{"start":{"line":1,"column":85},"end":{"line":1,"column":null}},"3":{"start":{"line":27,"column":22},"end":{"line":27,"column":null}},"4":{"start":{"line":30,"column":32},"end":{"line":36,"column":null}},"5":{"start":{"line":31,"column":20},"end":{"line":31,"column":null}},"6":{"start":{"line":32,"column":4},"end":{"line":34,"column":null}},"7":{"start":{"line":33,"column":8},"end":{"line":33,"column":null}},"8":{"start":{"line":35,"column":4},"end":{"line":35,"column":null}},"9":{"start":{"line":42,"column":37},"end":{"line":96,"column":null}},"10":{"start":{"line":43,"column":36},"end":{"line":51,"column":null}},"11":{"start":{"line":53,"column":22},"end":{"line":58,"column":null}},"12":{"start":{"line":54,"column":8},"end":{"line":57,"column":null}},"13":{"start":{"line":54,"column":36},"end":{"line":57,"column":null}},"14":{"start":{"line":60,"column":35},"end":{"line":65,"column":null}},"15":{"start":{"line":61,"column":8},"end":{"line":64,"column":null}},"16":{"start":{"line":61,"column":36},"end":{"line":64,"column":null}},"17":{"start":{"line":68,"column":27},"end":{"line":73,"column":null}},"18":{"start":{"line":69,"column":8},"end":{"line":72,"column":null}},"19":{"start":{"line":69,"column":36},"end":{"line":72,"column":null}},"20":{"start":{"line":75,"column":29},"end":{"line":80,"column":null}},"21":{"start":{"line":76,"column":8},"end":{"line":79,"column":null}},"22":{"start":{"line":76,"column":36},"end":{"line":79,"column":null}},"23":{"start":{"line":82,"column":28},"end":{"line":87,"column":null}},"24":{"start":{"line":83,"column":8},"end":{"line":86,"column":null}},"25":{"start":{"line":83,"column":36},"end":{"line":86,"column":null}},"26":{"start":{"line":91,"column":4},"end":{"line":93,"column":null}}},"fnMap":{"0":{"name":"(anonymous_6)","decl":{"start":{"line":30,"column":32},"end":{"line":30,"column":null}},"loc":{"start":{"line":30,"column":32},"end":{"line":36,"column":null}}},"1":{"name":"(anonymous_7)","decl":{"start":{"line":42,"column":37},"end":{"line":42,"column":38}},"loc":{"start":{"line":42,"column":78},"end":{"line":96,"column":null}}},"2":{"name":"(anonymous_8)","decl":{"start":{"line":53,"column":22},"end":{"line":53,"column":23}},"loc":{"start":{"line":53,"column":23},"end":{"line":58,"column":null}}},"3":{"name":"(anonymous_9)","decl":{"start":{"line":54,"column":20},"end":{"line":54,"column":21}},"loc":{"start":{"line":54,"column":36},"end":{"line":57,"column":null}}},"4":{"name":"(anonymous_10)","decl":{"start":{"line":60,"column":35},"end":{"line":60,"column":36}},"loc":{"start":{"line":60,"column":36},"end":{"line":65,"column":null}}},"5":{"name":"(anonymous_11)","decl":{"start":{"line":61,"column":20},"end":{"line":61,"column":21}},"loc":{"start":{"line":61,"column":36},"end":{"line":64,"column":null}}},"6":{"name":"(anonymous_12)","decl":{"start":{"line":68,"column":27},"end":{"line":68,"column":28}},"loc":{"start":{"line":68,"column":28},"end":{"line":73,"column":null}}},"7":{"name":"(anonymous_13)","decl":{"start":{"line":69,"column":20},"end":{"line":69,"column":21}},"loc":{"start":{"line":69,"column":36},"end":{"line":72,"column":null}}},"8":{"name":"(anonymous_14)","decl":{"start":{"line":75,"column":29},"end":{"line":75,"column":30}},"loc":{"start":{"line":75,"column":30},"end":{"line":80,"column":null}}},"9":{"name":"(anonymous_15)","decl":{"start":{"line":76,"column":20},"end":{"line":76,"column":21}},"loc":{"start":{"line":76,"column":36},"end":{"line":79,"column":null}}},"10":{"name":"(anonymous_16)","decl":{"start":{"line":82,"column":28},"end":{"line":82,"column":29}},"loc":{"start":{"line":82,"column":29},"end":{"line":87,"column":null}}},"11":{"name":"(anonymous_17)","decl":{"start":{"line":83,"column":20},"end":{"line":83,"column":21}},"loc":{"start":{"line":83,"column":36},"end":{"line":86,"column":null}}}},"branchMap":{"0":{"loc":{"start":{"line":32,"column":4},"end":{"line":34,"column":null}},"type":"if","locations":[{"start":{"line":32,"column":4},"end":{"line":34,"column":null}}]}},"s":{"0":0,"1":5,"2":1,"3":1,"4":1,"5":5,"6":4,"7":4,"8":0,"9":1,"10":0,"11":0,"12":0,"13":0,"14":0,"15":0,"16":0,"17":0,"18":0,"19":0,"20":0,"21":0,"22":0,"23":0,"24":0,"25":0,"26":0},"f":{"0":5,"1":0,"2":0,"3":0,"4":0,"5":0,"6":0,"7":0,"8":0,"9":0,"10":0,"11":0},"b":{"0":[4]}}
,"/home/lxow/git/LABORATORIA/DEV010-movie-challenge-fw/cinecity/src/components/Header/Header.tsx": {"path":"/home/lxow/git/LABORATORIA/DEV010-movie-challenge-fw/cinecity/src/components/Header/Header.tsx","statementMap":{"0":{"start":{"line":125,"column":0},"end":{"line":125,"column":15}},"1":{"start":{"line":1,"column":7},"end":{"line":1,"column":null}},"2":{"start":{"line":2,"column":19},"end":{"line":2,"column":null}},"3":{"start":{"line":5,"column":15},"end":{"line":123,"column":null}},"4":{"start":{"line":125,"column":15},"end":{"line":125,"column":null}}},"fnMap":{"0":{"name":"(anonymous_2)","decl":{"start":{"line":5,"column":15},"end":{"line":5,"column":null}},"loc":{"start":{"line":5,"column":15},"end":{"line":123,"column":null}}}},"branchMap":{},"s":{"0":1,"1":2,"2":2,"3":2,"4":2},"f":{"0":5},"b":{}}
,"/home/lxow/git/LABORATORIA/DEV010-movie-challenge-fw/cinecity/src/components/Home/Home.tsx": {"path":"/home/lxow/git/LABORATORIA/DEV010-movie-challenge-fw/cinecity/src/components/Home/Home.tsx","statementMap":{"0":{"start":{"line":13,"column":24},"end":{"line":13,"column":null}},"1":{"start":{"line":1,"column":27},"end":{"line":1,"column":null}},"2":{"start":{"line":2,"column":28},"end":{"line":2,"column":null}},"3":{"start":{"line":3,"column":19},"end":{"line":3,"column":null}},"4":{"start":{"line":4,"column":33},"end":{"line":4,"column":null}},"5":{"start":{"line":7,"column":7},"end":{"line":7,"column":null}},"6":{"start":{"line":8,"column":26},"end":{"line":8,"column":null}},"7":{"start":{"line":9,"column":26},"end":{"line":9,"column":null}},"8":{"start":{"line":14,"column":76},"end":{"line":14,"column":null}},"9":{"start":{"line":16,"column":18},"end":{"line":21,"column":null}},"10":{"start":{"line":17,"column":4},"end":{"line":20,"column":null}},"11":{"start":{"line":17,"column":30},"end":{"line":20,"column":null}},"12":{"start":{"line":23,"column":2},"end":{"line":33,"column":null}},"13":{"start":{"line":24,"column":4},"end":{"line":32,"column":null}},"14":{"start":{"line":26,"column":8},"end":{"line":29,"column":null}},"15":{"start":{"line":26,"column":36},"end":{"line":29,"column":null}},"16":{"start":{"line":30,"column":8},"end":{"line":30,"column":null}},"17":{"start":{"line":32,"column":24},"end":{"line":32,"column":null}},"18":{"start":{"line":36,"column":2},"end":{"line":36,"column":null}},"19":{"start":{"line":41,"column":10},"end":{"line":44,"column":null}},"20":{"start":{"line":41,"column":38},"end":{"line":44,"column":null}}},"fnMap":{"0":{"name":"Home","decl":{"start":{"line":13,"column":24},"end":{"line":13,"column":null}},"loc":{"start":{"line":13,"column":24},"end":{"line":55,"column":null}}},"1":{"name":"(anonymous_3)","decl":{"start":{"line":16,"column":18},"end":{"line":16,"column":19}},"loc":{"start":{"line":16,"column":19},"end":{"line":21,"column":null}}},"2":{"name":"(anonymous_4)","decl":{"start":{"line":17,"column":16},"end":{"line":17,"column":30}},"loc":{"start":{"line":17,"column":30},"end":{"line":20,"column":null}}},"3":{"name":"(anonymous_5)","decl":{"start":{"line":23,"column":12},"end":{"line":23,"column":null}},"loc":{"start":{"line":23,"column":12},"end":{"line":33,"column":5}}},"4":{"name":"(anonymous_6)","decl":{"start":{"line":25,"column":12},"end":{"line":25,"column":13}},"loc":{"start":{"line":25,"column":13},"end":{"line":31,"column":null}}},"5":{"name":"(anonymous_7)","decl":{"start":{"line":26,"column":20},"end":{"line":26,"column":21}},"loc":{"start":{"line":26,"column":36},"end":{"line":29,"column":null}}},"6":{"name":"(anonymous_8)","decl":{"start":{"line":32,"column":13},"end":{"line":32,"column":14}},"loc":{"start":{"line":32,"column":24},"end":{"line":32,"column":null}}},"7":{"name":"(anonymous_9)","decl":{"start":{"line":40,"column":18},"end":{"line":40,"column":19}},"loc":{"start":{"line":40,"column":19},"end":{"line":45,"column":null}}},"8":{"name":"(anonymous_10)","decl":{"start":{"line":41,"column":22},"end":{"line":41,"column":23}},"loc":{"start":{"line":41,"column":38},"end":{"line":44,"column":null}}}},"branchMap":{},"s":{"0":3,"1":1,"2":1,"3":1,"4":1,"5":1,"6":1,"7":1,"8":5,"9":0,"10":0,"11":0,"12":0,"13":0,"14":0,"15":0,"16":0,"17":0,"18":0,"19":0,"20":0},"f":{"0":5,"1":0,"2":0,"3":0,"4":0,"5":0,"6":0,"7":0,"8":0},"b":{}}
,"/home/lxow/git/LABORATORIA/DEV010-movie-challenge-fw/cinecity/src/components/MovieDetail/MovieDetail.tsx": {"path":"/home/lxow/git/LABORATORIA/DEV010-movie-challenge-fw/cinecity/src/components/MovieDetail/MovieDetail.tsx","statementMap":{"0":{"start":{"line":60,"column":0},"end":{"line":60,"column":15}},"1":{"start":{"line":1,"column":7},"end":{"line":1,"column":null}},"2":{"start":{"line":2,"column":36},"end":{"line":2,"column":null}},"3":{"start":{"line":3,"column":28},"end":{"line":3,"column":null}},"4":{"start":{"line":4,"column":32},"end":{"line":4,"column":null}},"5":{"start":{"line":6,"column":27},"end":{"line":6,"column":null}},"6":{"start":{"line":9,"column":20},"end":{"line":58,"column":null}},"7":{"start":{"line":10,"column":22},"end":{"line":10,"column":null}},"8":{"start":{"line":11,"column":30},"end":{"line":11,"column":null}},"9":{"start":{"line":13,"column":4},"end":{"line":17,"column":null}},"10":{"start":{"line":14,"column":8},"end":{"line":16,"column":null}},"11":{"start":{"line":15,"column":31},"end":{"line":15,"column":47}},"12":{"start":{"line":16,"column":30},"end":{"line":16,"column":null}},"13":{"start":{"line":19,"column":4},"end":{"line":22,"column":null}},"14":{"start":{"line":20,"column":8},"end":{"line":20,"column":null}},"15":{"start":{"line":21,"column":8},"end":{"line":21,"column":null}},"16":{"start":{"line":24,"column":4},"end":{"line":52,"column":null}},"17":{"start":{"line":45,"column":101},"end":{"line":45,"column":111}},"18":{"start":{"line":60,"column":15},"end":{"line":60,"column":null}}},"fnMap":{"0":{"name":"(anonymous_2)","decl":{"start":{"line":9,"column":20},"end":{"line":9,"column":null}},"loc":{"start":{"line":9,"column":20},"end":{"line":58,"column":null}}},"1":{"name":"(anonymous_3)","decl":{"start":{"line":13,"column":14},"end":{"line":13,"column":null}},"loc":{"start":{"line":13,"column":14},"end":{"line":17,"column":7}}},"2":{"name":"(anonymous_4)","decl":{"start":{"line":15,"column":18},"end":{"line":15,"column":19}},"loc":{"start":{"line":15,"column":19},"end":{"line":15,"column":null}}},"3":{"name":"(anonymous_5)","decl":{"start":{"line":16,"column":19},"end":{"line":16,"column":20}},"loc":{"start":{"line":16,"column":30},"end":{"line":16,"column":null}}},"4":{"name":"(anonymous_6)","decl":{"start":{"line":45,"column":90},"end":{"line":45,"column":91}},"loc":{"start":{"line":45,"column":101},"end":{"line":45,"column":111}}}},"branchMap":{"0":{"loc":{"start":{"line":19,"column":4},"end":{"line":22,"column":null}},"type":"if","locations":[{"start":{"line":19,"column":4},"end":{"line":22,"column":null}}]}},"s":{"0":3,"1":1,"2":1,"3":1,"4":1,"5":1,"6":1,"7":0,"8":0,"9":0,"10":0,"11":0,"12":0,"13":0,"14":0,"15":0,"16":0,"17":0,"18":1},"f":{"0":0,"1":0,"2":0,"3":0,"4":0},"b":{"0":[0]}}
,"/home/lxow/git/LABORATORIA/DEV010-movie-challenge-fw/cinecity/src/components/Movies/Movies.tsx": {"path":"/home/lxow/git/LABORATORIA/DEV010-movie-challenge-fw/cinecity/src/components/Movies/Movies.tsx","statementMap":{"0":{"start":{"line":59,"column":0},"end":{"line":59,"column":15}},"1":{"start":{"line":1,"column":36},"end":{"line":1,"column":null}},"2":{"start":{"line":2,"column":37},"end":{"line":2,"column":null}},"3":{"start":{"line":4,"column":23},"end":{"line":4,"column":null}},"4":{"start":{"line":5,"column":7},"end":{"line":5,"column":null}},"5":{"start":{"line":6,"column":7},"end":{"line":6,"column":null}},"6":{"start":{"line":7,"column":21},"end":{"line":7,"column":null}},"7":{"start":{"line":8,"column":33},"end":{"line":8,"column":null}},"8":{"start":{"line":16,"column":2},"end":{"line":16,"column":null}},"9":{"start":{"line":18,"column":35},"end":{"line":18,"column":null}},"10":{"start":{"line":19,"column":22},"end":{"line":19,"column":null}},"11":{"start":{"line":21,"column":2},"end":{"line":34,"column":null}},"12":{"start":{"line":22,"column":19},"end":{"line":22,"column":null}},"13":{"start":{"line":24,"column":20},"end":{"line":30,"column":null}},"14":{"start":{"line":31,"column":4},"end":{"line":33,"column":null}},"15":{"start":{"line":32,"column":26},"end":{"line":32,"column":null}},"16":{"start":{"line":33,"column":24},"end":{"line":33,"column":null}},"17":{"start":{"line":36,"column":2},"end":{"line":53,"column":null}},"18":{"start":{"line":40,"column":10},"end":{"line":49,"column":null}},"19":{"start":{"line":59,"column":15},"end":{"line":59,"column":null}}},"fnMap":{"0":{"name":"Movies","decl":{"start":{"line":15,"column":9},"end":{"line":15,"column":16}},"loc":{"start":{"line":15,"column":39},"end":{"line":57,"column":null}}},"1":{"name":"(anonymous_3)","decl":{"start":{"line":21,"column":12},"end":{"line":21,"column":null}},"loc":{"start":{"line":21,"column":12},"end":{"line":34,"column":5}}},"2":{"name":"(anonymous_4)","decl":{"start":{"line":32,"column":12},"end":{"line":32,"column":13}},"loc":{"start":{"line":32,"column":26},"end":{"line":32,"column":null}}},"3":{"name":"(anonymous_5)","decl":{"start":{"line":33,"column":12},"end":{"line":33,"column":13}},"loc":{"start":{"line":33,"column":24},"end":{"line":33,"column":null}}},"4":{"name":"(anonymous_6)","decl":{"start":{"line":39,"column":20},"end":{"line":39,"column":21}},"loc":{"start":{"line":40,"column":10},"end":{"line":49,"column":null}}}},"branchMap":{},"s":{"0":0,"1":1,"2":1,"3":1,"4":1,"5":1,"6":1,"7":1,"8":0,"9":0,"10":0,"11":0,"12":0,"13":0,"14":0,"15":0,"16":0,"17":0,"18":0,"19":1},"f":{"0":0,"1":0,"2":0,"3":0,"4":0},"b":{}}
,"/home/lxow/git/LABORATORIA/DEV010-movie-challenge-fw/cinecity/src/components/Pagination/Pagination.tsx": {"path":"/home/lxow/git/LABORATORIA/DEV010-movie-challenge-fw/cinecity/src/components/Pagination/Pagination.tsx","statementMap":{"0":{"start":{"line":65,"column":0},"end":{"line":65,"column":15}},"1":{"start":{"line":1,"column":33},"end":{"line":1,"column":null}},"2":{"start":{"line":2,"column":7},"end":{"line":2,"column":null}},"3":{"start":{"line":6,"column":41},"end":{"line":6,"column":null}},"4":{"start":{"line":8,"column":21},"end":{"line":8,"column":null}},"5":{"start":{"line":11,"column":28},"end":{"line":13,"column":null}},"6":{"start":{"line":12,"column":8},"end":{"line":12,"column":null}},"7":{"start":{"line":15,"column":27},"end":{"line":17,"column":null}},"8":{"start":{"line":16,"column":8},"end":{"line":16,"column":null}},"9":{"start":{"line":19,"column":31},"end":{"line":21,"column":null}},"10":{"start":{"line":20,"column":8},"end":{"line":20,"column":null}},"11":{"start":{"line":23,"column":27},"end":{"line":25,"column":null}},"12":{"start":{"line":24,"column":8},"end":{"line":24,"column":null}},"13":{"start":{"line":27,"column":4},"end":{"line":53,"column":null}},"14":{"start":{"line":65,"column":15},"end":{"line":65,"column":null}}},"fnMap":{"0":{"name":"Pagination","decl":{"start":{"line":4,"column":9},"end":{"line":4,"column":null}},"loc":{"start":{"line":4,"column":9},"end":{"line":63,"column":null}}},"1":{"name":"(anonymous_2)","decl":{"start":{"line":11,"column":28},"end":{"line":11,"column":null}},"loc":{"start":{"line":11,"column":28},"end":{"line":13,"column":null}}},"2":{"name":"(anonymous_3)","decl":{"start":{"line":15,"column":27},"end":{"line":15,"column":null}},"loc":{"start":{"line":15,"column":27},"end":{"line":17,"column":null}}},"3":{"name":"(anonymous_4)","decl":{"start":{"line":19,"column":31},"end":{"line":19,"column":null}},"loc":{"start":{"line":19,"column":31},"end":{"line":21,"column":null}}},"4":{"name":"(anonymous_5)","decl":{"start":{"line":23,"column":27},"end":{"line":23,"column":null}},"loc":{"start":{"line":23,"column":27},"end":{"line":25,"column":null}}}},"branchMap":{"0":{"loc":{"start":{"line":30,"column":13},"end":{"line":34,"column":null}},"type":"binary-expr","locations":[{"start":{"line":30,"column":13},"end":{"line":30,"column":null}},{"start":{"line":31,"column":16},"end":{"line":34,"column":null}}]},"1":{"loc":{"start":{"line":38,"column":13},"end":{"line":42,"column":null}},"type":"binary-expr","locations":[{"start":{"line":38,"column":13},"end":{"line":38,"column":null}},{"start":{"line":39,"column":16},"end":{"line":42,"column":null}}]},"2":{"loc":{"start":{"line":46,"column":13},"end":{"line":53,"column":null}},"type":"binary-expr","locations":[{"start":{"line":46,"column":13},"end":{"line":46,"column":25}},{"start":{"line":46,"column":25},"end":{"line":46,"column":null}},{"start":{"line":47,"column":16},"end":{"line":53,"column":null}}]}},"s":{"0":0,"1":1,"2":1,"3":0,"4":0,"5":0,"6":0,"7":0,"8":0,"9":0,"10":0,"11":0,"12":0,"13":0,"14":1},"f":{"0":0,"1":0,"2":0,"3":0,"4":0},"b":{"0":[0,0],"1":[0,0],"2":[0,0,0]}}
,"/home/lxow/git/LABORATORIA/DEV010-movie-challenge-fw/cinecity/src/services/genres-request.ts": {"path":"/home/lxow/git/LABORATORIA/DEV010-movie-challenge-fw/cinecity/src/services/genres-request.ts","statementMap":{"0":{"start":{"line":5,"column":13},"end":{"line":5,"column":25}},"1":{"start":{"line":2,"column":23},"end":{"line":2,"column":null}},"2":{"start":{"line":5,"column":25},"end":{"line":19,"column":null}},"3":{"start":{"line":6,"column":4},"end":{"line":19,"column":null}},"4":{"start":{"line":7,"column":24},"end":{"line":13,"column":null}},"5":{"start":{"line":15,"column":8},"end":{"line":18,"column":null}},"6":{"start":{"line":16,"column":30},"end":{"line":16,"column":null}},"7":{"start":{"line":17,"column":30},"end":{"line":17,"column":null}},"8":{"start":{"line":18,"column":26},"end":{"line":18,"column":null}}},"fnMap":{"0":{"name":"(anonymous_1)","decl":{"start":{"line":5,"column":25},"end":{"line":5,"column":26}},"loc":{"start":{"line":6,"column":4},"end":{"line":19,"column":null}}},"1":{"name":"(anonymous_2)","decl":{"start":{"line":6,"column":16},"end":{"line":6,"column":17}},"loc":{"start":{"line":6,"column":26},"end":{"line":19,"column":null}}},"2":{"name":"(anonymous_3)","decl":{"start":{"line":16,"column":18},"end":{"line":16,"column":30}},"loc":{"start":{"line":16,"column":30},"end":{"line":16,"column":null}}},"3":{"name":"(anonymous_4)","decl":{"start":{"line":17,"column":18},"end":{"line":17,"column":30}},"loc":{"start":{"line":17,"column":30},"end":{"line":17,"column":null}}},"4":{"name":"(anonymous_5)","decl":{"start":{"line":18,"column":19},"end":{"line":18,"column":26}},"loc":{"start":{"line":18,"column":26},"end":{"line":18,"column":null}}}},"branchMap":{},"s":{"0":3,"1":2,"2":2,"3":3,"4":3,"5":3,"6":2,"7":2,"8":1},"f":{"0":3,"1":3,"2":2,"3":2,"4":1},"b":{}}
,"/home/lxow/git/LABORATORIA/DEV010-movie-challenge-fw/cinecity/src/services/movie-details.ts": {"path":"/home/lxow/git/LABORATORIA/DEV010-movie-challenge-fw/cinecity/src/services/movie-details.ts","statementMap":{"0":{"start":{"line":5,"column":14},"end":{"line":5,"column":27}},"1":{"start":{"line":1,"column":24},"end":{"line":1,"column":null}},"2":{"start":{"line":5,"column":27},"end":{"line":18,"column":null}},"3":{"start":{"line":6,"column":4},"end":{"line":18,"column":null}},"4":{"start":{"line":7,"column":25},"end":{"line":13,"column":null}},"5":{"start":{"line":14,"column":8},"end":{"line":17,"column":null}},"6":{"start":{"line":15,"column":26},"end":{"line":15,"column":null}},"7":{"start":{"line":16,"column":26},"end":{"line":16,"column":null}},"8":{"start":{"line":17,"column":22},"end":{"line":17,"column":null}}},"fnMap":{"0":{"name":"(anonymous_1)","decl":{"start":{"line":5,"column":27},"end":{"line":5,"column":28}},"loc":{"start":{"line":6,"column":4},"end":{"line":18,"column":null}}},"1":{"name":"(anonymous_2)","decl":{"start":{"line":6,"column":16},"end":{"line":6,"column":17}},"loc":{"start":{"line":6,"column":26},"end":{"line":18,"column":null}}},"2":{"name":"(anonymous_3)","decl":{"start":{"line":15,"column":14},"end":{"line":15,"column":26}},"loc":{"start":{"line":15,"column":26},"end":{"line":15,"column":null}}},"3":{"name":"(anonymous_4)","decl":{"start":{"line":16,"column":14},"end":{"line":16,"column":26}},"loc":{"start":{"line":16,"column":26},"end":{"line":16,"column":null}}},"4":{"name":"(anonymous_5)","decl":{"start":{"line":17,"column":15},"end":{"line":17,"column":22}},"loc":{"start":{"line":17,"column":22},"end":{"line":17,"column":null}}}},"branchMap":{},"s":{"0":3,"1":2,"2":2,"3":3,"4":3,"5":3,"6":2,"7":2,"8":1},"f":{"0":3,"1":3,"2":2,"3":2,"4":1},"b":{}}
,"/home/lxow/git/LABORATORIA/DEV010-movie-challenge-fw/cinecity/src/services/movie-request.ts": {"path":"/home/lxow/git/LABORATORIA/DEV010-movie-challenge-fw/cinecity/src/services/movie-request.ts","statementMap":{"0":{"start":{"line":3,"column":13},"end":{"line":3,"column":20}},"1":{"start":{"line":6,"column":13},"end":{"line":6,"column":24}},"2":{"start":{"line":3,"column":23},"end":{"line":3,"column":null}},"3":{"start":{"line":6,"column":27},"end":{"line":9,"column":null}},"4":{"start":{"line":7,"column":4},"end":{"line":7,"column":null}}},"fnMap":{"0":{"name":"(anonymous_3)","decl":{"start":{"line":6,"column":27},"end":{"line":6,"column":28}},"loc":{"start":{"line":6,"column":57},"end":{"line":9,"column":null}}}},"branchMap":{"0":{"loc":{"start":{"line":7,"column":156},"end":{"line":7,"column":179}},"type":"cond-expr","locations":[{"start":{"line":7,"column":168},"end":{"line":7,"column":176}},{"start":{"line":7,"column":176},"end":{"line":7,"column":179}}]}},"s":{"0":10,"1":1,"2":4,"3":4,"4":1},"f":{"0":1},"b":{"0":[1,0]}}
}
