TN:
SF:src/App.tsx
FN:8,App
FNF:1
FNH:1
FNDA:3,App
DA:1,1
DA:2,1
DA:3,1
DA:4,1
DA:6,1
DA:9,3
DA:23,1
LF:7
LH:7
BRF:0
BRH:0
end_of_record
TN:
SF:src/components/Aside/Aside.tsx
FN:12,Aside
FN:15,(anonymous_2)
FN:17,(anonymous_3)
FN:18,(anonymous_4)
FN:23,(anonymous_5)
FN:32,(anonymous_6)
FN:33,(anonymous_7)
FN:35,(anonymous_8)
FNF:8
FNH:0
FNDA:0,Aside
FNDA:0,(anonymous_2)
FNDA:0,(anonymous_3)
FNDA:0,(anonymous_4)
FNDA:0,(anonymous_5)
FNDA:0,(anonymous_6)
FNDA:0,(anonymous_7)
FNDA:0,(anonymous_8)
DA:1,2
DA:3,2
DA:4,2
DA:5,2
DA:13,0
DA:15,0
DA:16,0
DA:18,0
DA:23,0
DA:25,0
DA:26,0
DA:32,0
DA:34,0
DA:35,0
DA:64,2
LF:15
LH:5
BRF:0
BRH:0
end_of_record
TN:
SF:src/components/FilterContext/FilterContext.tsx
FN:18,(anonymous_6)
FN:30,(anonymous_7)
FNF:2
FNH:1
FNDA:5,(anonymous_6)
FNDA:0,(anonymous_7)
DA:1,2
DA:16,2
DA:18,5
DA:19,5
DA:20,4
DA:21,4
DA:23,0
DA:30,2
DA:31,0
DA:38,0
LF:10
LH:7
BRDA:20,0,0,4
BRF:1
BRH:1
end_of_record
TN:
SF:src/components/Header/Header.tsx
FN:5,(anonymous_2)
FNF:1
FNH:0
FNDA:0,(anonymous_2)
DA:1,2
DA:2,2
DA:5,2
DA:128,2
LF:4
LH:4
BRF:0
BRH:0
end_of_record
TN:
SF:src/components/Home/Home.tsx
FN:17,Home
FN:20,(anonymous_3)
FN:22,(anonymous_4)
FN:23,(anonymous_5)
FN:27,(anonymous_6)
FN:32,(anonymous_7)
FN:33,(anonymous_8)
FNF:7
FNH:1
FNDA:5,Home
FNDA:0,(anonymous_3)
FNDA:0,(anonymous_4)
FNDA:0,(anonymous_5)
FNDA:0,(anonymous_6)
FNDA:0,(anonymous_7)
FNDA:0,(anonymous_8)
DA:2,2
DA:3,2
DA:4,2
DA:5,2
DA:9,2
DA:10,2
DA:11,2
DA:17,3
DA:18,5
DA:20,0
DA:21,0
DA:23,0
DA:27,0
DA:30,0
DA:33,0
LF:15
LH:9
BRF:0
BRH:0
end_of_record
TN:
SF:src/components/MovieDetail/MovieDetail.tsx
FN:9,(anonymous_2)
FN:13,(anonymous_3)
FN:15,(anonymous_4)
FN:16,(anonymous_5)
FN:45,(anonymous_6)
FNF:5
FNH:0
FNDA:0,(anonymous_2)
FNDA:0,(anonymous_3)
FNDA:0,(anonymous_4)
FNDA:0,(anonymous_5)
FNDA:0,(anonymous_6)
DA:1,1
DA:2,1
DA:3,1
DA:4,1
DA:6,1
DA:9,1
DA:10,0
DA:11,0
DA:13,0
DA:14,0
DA:15,0
DA:16,0
DA:19,0
DA:20,0
DA:21,0
DA:24,0
DA:45,0
DA:60,3
LF:18
LH:7
BRDA:19,0,0,0
BRF:1
BRH:0
end_of_record
TN:
SF:src/components/Movies/Movies.tsx
FN:11,Movies
FN:18,(anonymous_3)
FN:31,(anonymous_4)
FN:32,(anonymous_5)
FN:38,(anonymous_6)
FNF:5
FNH:0
FNDA:0,Movies
FNDA:0,(anonymous_3)
FNDA:0,(anonymous_4)
FNDA:0,(anonymous_5)
FNDA:0,(anonymous_6)
DA:1,2
DA:2,2
DA:4,2
DA:5,2
DA:6,2
DA:7,2
DA:12,0
DA:14,0
DA:15,0
DA:18,0
DA:21,0
DA:23,0
DA:30,0
DA:31,0
DA:32,0
DA:39,0
DA:53,2
LF:17
LH:7
BRF:0
BRH:0
end_of_record
TN:
SF:src/components/Pagination/Pagination.tsx
FN:9,Pagination
FN:11,(anonymous_3)
FN:15,(anonymous_4)
FN:19,(anonymous_5)
FN:23,(anonymous_6)
FNF:5
FNH:0
FNDA:0,Pagination
FNDA:0,(anonymous_3)
FNDA:0,(anonymous_4)
FNDA:0,(anonymous_5)
FNDA:0,(anonymous_6)
DA:1,2
DA:2,2
DA:11,0
DA:12,0
DA:15,0
DA:16,0
DA:19,0
DA:20,0
DA:23,0
DA:24,0
DA:27,0
DA:65,2
LF:12
LH:3
BRDA:30,0,0,0
BRDA:30,0,1,0
BRDA:38,1,0,0
BRDA:38,1,1,0
BRDA:46,2,0,0
BRDA:46,2,1,0
BRDA:46,2,2,0
BRF:7
BRH:0
end_of_record
TN:
SF:src/services/genres-request.ts
FN:5,(anonymous_1)
FN:6,(anonymous_2)
FN:16,(anonymous_3)
FN:17,(anonymous_4)
FN:18,(anonymous_5)
FNF:5
FNH:0
FNDA:0,(anonymous_1)
FNDA:0,(anonymous_2)
FNDA:0,(anonymous_3)
FNDA:0,(anonymous_4)
FNDA:0,(anonymous_5)
DA:2,2
DA:5,2
DA:6,0
DA:7,0
DA:15,0
DA:16,0
DA:17,0
DA:18,0
LF:8
LH:2
BRF:0
BRH:0
end_of_record
TN:
SF:src/services/movie-details.ts
FN:5,(anonymous_1)
FN:6,(anonymous_2)
FN:15,(anonymous_3)
FN:16,(anonymous_4)
FN:17,(anonymous_5)
FNF:5
FNH:0
FNDA:0,(anonymous_1)
FNDA:0,(anonymous_2)
FNDA:0,(anonymous_3)
FNDA:0,(anonymous_4)
FNDA:0,(anonymous_5)
DA:1,1
DA:5,1
DA:6,0
DA:7,0
DA:14,0
DA:15,0
DA:16,0
DA:17,0
LF:8
LH:2
BRF:0
BRH:0
end_of_record
TN:
SF:src/services/movie-request.ts
FN:6,(anonymous_4)
FN:12,(anonymous_5)
FN:13,(anonymous_6)
FN:23,(anonymous_7)
FN:24,(anonymous_8)
FN:27,(anonymous_9)
FN:31,(anonymous_10)
FNF:7
FNH:0
FNDA:0,(anonymous_4)
FNDA:0,(anonymous_5)
FNDA:0,(anonymous_6)
FNDA:0,(anonymous_7)
FNDA:0,(anonymous_8)
FNDA:0,(anonymous_9)
FNDA:0,(anonymous_10)
DA:3,2
DA:6,2
DA:7,0
DA:12,2
DA:13,0
DA:14,0
DA:21,0
DA:22,0
DA:23,0
DA:25,0
DA:26,0
DA:27,0
DA:29,0
DA:31,0
LF:14
LH:3
BRDA:7,0,0,0
BRDA:7,0,1,0
BRDA:21,1,0,0
BRDA:21,1,1,0
BRF:4
BRH:0
end_of_record
